<?xml version="1.0" encoding="UTF-8"?>
<testsuite xmlns:xsi="http://www.w3.org/2001/XMLSchema-instance" xsi:noNamespaceSchemaLocation="https://maven.apache.org/surefire/maven-surefire-plugin/xsd/surefire-test-report-3.0.xsd" version="3.0" name="dev.ratas.aggressiveanimals.aggressive.settings.type.BuilderTest" time="0.036" tests="4" errors="0" skipped="0" failures="0">
  <properties>
    <property name="java.specification.version" value="17"/>
    <property name="sun.jnu.encoding" value="UTF-8"/>
    <property name="java.class.path" value="/home/mart/Documents/mc/dev/workspace/PaidWork/AggressiveAnimals/main/target/test-classes:/home/mart/Documents/mc/dev/workspace/PaidWork/AggressiveAnimals/main/target/classes:/home/mart/Documents/mc/dev/workspace/PaidWork/AggressiveAnimals/core/target/core-0.1.7-SNAPSHOT.jar:/home/mart/.m2/repository/com/github/SlimeDog/SlimeDogCore/0.1.3-SNAPSHOT/SlimeDogCore-0.1.3-SNAPSHOT.jar:/home/mart/.m2/repository/org/apache/commons/commons-lang3/3.12.0/commons-lang3-3.12.0.jar:/home/mart/Documents/mc/dev/workspace/PaidWork/AggressiveAnimals/v1_18_R1/target/v1_18_R1-0.1.7-SNAPSHOT.jar:/home/mart/Documents/mc/dev/workspace/PaidWork/AggressiveAnimals/v1_18_R2/target/v1_18_R2-0.1.7-SNAPSHOT.jar:/home/mart/.m2/repository/org/spigotmc/spigot-api/1.18.2-R0.1-SNAPSHOT/spigot-api-1.18.2-R0.1-SNAPSHOT.jar:/home/mart/.m2/repository/commons-lang/commons-lang/2.6/commons-lang-2.6.jar:/home/mart/.m2/repository/com/google/guava/guava/31.0.1-jre/guava-31.0.1-jre.jar:/home/mart/.m2/repository/com/google/guava/failureaccess/1.0.1/failureaccess-1.0.1.jar:/home/mart/.m2/repository/com/google/guava/listenablefuture/9999.0-empty-to-avoid-conflict-with-guava/listenablefuture-9999.0-empty-to-avoid-conflict-with-guava.jar:/home/mart/.m2/repository/com/google/code/findbugs/jsr305/3.0.2/jsr305-3.0.2.jar:/home/mart/.m2/repository/org/checkerframework/checker-qual/3.12.0/checker-qual-3.12.0.jar:/home/mart/.m2/repository/com/google/errorprone/error_prone_annotations/2.7.1/error_prone_annotations-2.7.1.jar:/home/mart/.m2/repository/com/google/j2objc/j2objc-annotations/1.3/j2objc-annotations-1.3.jar:/home/mart/.m2/repository/com/google/code/gson/gson/2.8.9/gson-2.8.9.jar:/home/mart/.m2/repository/net/md-5/bungeecord-chat/1.16-R0.4/bungeecord-chat-1.16-R0.4.jar:/home/mart/.m2/repository/org/yaml/snakeyaml/1.30/snakeyaml-1.30.jar:/home/mart/.m2/repository/org/bstats/bstats-bukkit/3.0.0/bstats-bukkit-3.0.0.jar:/home/mart/.m2/repository/org/bstats/bstats-base/3.0.0/bstats-base-3.0.0.jar:/home/mart/.m2/repository/org/apache/maven/plugins/maven-checkstyle-plugin/3.1.2/maven-checkstyle-plugin-3.1.2.jar:/home/mart/.m2/repository/org/apache/maven/maven-artifact/3.0/maven-artifact-3.0.jar:/home/mart/.m2/repository/org/apache/maven/maven-core/3.0/maven-core-3.0.jar:/home/mart/.m2/repository/org/apache/maven/maven-settings/3.0/maven-settings-3.0.jar:/home/mart/.m2/repository/org/apache/maven/maven-settings-builder/3.0/maven-settings-builder-3.0.jar:/home/mart/.m2/repository/org/apache/maven/maven-repository-metadata/3.0/maven-repository-metadata-3.0.jar:/home/mart/.m2/repository/org/apache/maven/maven-model-builder/3.0/maven-model-builder-3.0.jar:/home/mart/.m2/repository/org/apache/maven/maven-aether-provider/3.0/maven-aether-provider-3.0.jar:/home/mart/.m2/repository/org/sonatype/aether/aether-impl/1.7/aether-impl-1.7.jar:/home/mart/.m2/repository/org/sonatype/aether/aether-spi/1.7/aether-spi-1.7.jar:/home/mart/.m2/repository/org/sonatype/aether/aether-api/1.7/aether-api-1.7.jar:/home/mart/.m2/repository/org/sonatype/aether/aether-util/1.7/aether-util-1.7.jar:/home/mart/.m2/repository/org/sonatype/sisu/sisu-inject-plexus/1.4.2/sisu-inject-plexus-1.4.2.jar:/home/mart/.m2/repository/org/sonatype/sisu/sisu-inject-bean/1.4.2/sisu-inject-bean-1.4.2.jar:/home/mart/.m2/repository/org/sonatype/sisu/sisu-guice/2.1.7/sisu-guice-2.1.7-noaop.jar:/home/mart/.m2/repository/org/codehaus/plexus/plexus-classworlds/2.2.3/plexus-classworlds-2.2.3.jar:/home/mart/.m2/repository/org/sonatype/plexus/plexus-sec-dispatcher/1.3/plexus-sec-dispatcher-1.3.jar:/home/mart/.m2/repository/org/sonatype/plexus/plexus-cipher/1.4/plexus-cipher-1.4.jar:/home/mart/.m2/repository/org/apache/maven/maven-model/3.0/maven-model-3.0.jar:/home/mart/.m2/repository/org/apache/maven/maven-plugin-api/3.0/maven-plugin-api-3.0.jar:/home/mart/.m2/repository/org/apache/maven/reporting/maven-reporting-api/3.0/maven-reporting-api-3.0.jar:/home/mart/.m2/repository/org/apache/maven/reporting/maven-reporting-impl/2.3/maven-reporting-impl-2.3.jar:/home/mart/.m2/repository/org/apache/maven/shared/maven-shared-utils/0.6/maven-shared-utils-0.6.jar:/home/mart/.m2/repository/org/apache/maven/doxia/doxia-core/1.2/doxia-core-1.2.jar:/home/mart/.m2/repository/xerces/xercesImpl/2.9.1/xercesImpl-2.9.1.jar:/home/mart/.m2/repository/xml-apis/xml-apis/1.3.04/xml-apis-1.3.04.jar:/home/mart/.m2/repository/org/apache/httpcomponents/httpclient/4.0.2/httpclient-4.0.2.jar:/home/mart/.m2/repository/org/apache/httpcomponents/httpcore/4.0.1/httpcore-4.0.1.jar:/home/mart/.m2/repository/commons-codec/commons-codec/1.3/commons-codec-1.3.jar:/home/mart/.m2/repository/commons-validator/commons-validator/1.3.1/commons-validator-1.3.1.jar:/home/mart/.m2/repository/commons-digester/commons-digester/1.6/commons-digester-1.6.jar:/home/mart/.m2/repository/commons-logging/commons-logging/1.0.4/commons-logging-1.0.4.jar:/home/mart/.m2/repository/org/apache/maven/doxia/doxia-sink-api/1.4/doxia-sink-api-1.4.jar:/home/mart/.m2/repository/org/apache/maven/doxia/doxia-logging-api/1.4/doxia-logging-api-1.4.jar:/home/mart/.m2/repository/org/apache/maven/doxia/doxia-decoration-model/1.4/doxia-decoration-model-1.4.jar:/home/mart/.m2/repository/org/apache/maven/doxia/doxia-site-renderer/1.4/doxia-site-renderer-1.4.jar:/home/mart/.m2/repository/org/apache/maven/doxia/doxia-module-xhtml/1.4/doxia-module-xhtml-1.4.jar:/home/mart/.m2/repository/org/apache/maven/doxia/doxia-module-fml/1.4/doxia-module-fml-1.4.jar:/home/mart/.m2/repository/org/codehaus/plexus/plexus-i18n/1.0-beta-7/plexus-i18n-1.0-beta-7.jar:/home/mart/.m2/repository/org/apache/velocity/velocity-tools/2.0/velocity-tools-2.0.jar:/home/mart/.m2/repository/commons-chain/commons-chain/1.1/commons-chain-1.1.jar:/home/mart/.m2/repository/dom4j/dom4j/1.1/dom4j-1.1.jar:/home/mart/.m2/repository/oro/oro/2.0.8/oro-2.0.8.jar:/home/mart/.m2/repository/sslext/sslext/1.2-0/sslext-1.2-0.jar:/home/mart/.m2/repository/org/apache/struts/struts-core/1.3.8/struts-core-1.3.8.jar:/home/mart/.m2/repository/org/apache/struts/struts-taglib/1.3.8/struts-taglib-1.3.8.jar:/home/mart/.m2/repository/org/apache/struts/struts-tiles/1.3.8/struts-tiles-1.3.8.jar:/home/mart/.m2/repository/commons-collections/commons-collections/3.2.1/commons-collections-3.2.1.jar:/home/mart/.m2/repository/org/apache/maven/doxia/doxia-integration-tools/1.6/doxia-integration-tools-1.6.jar:/home/mart/.m2/repository/commons-io/commons-io/1.4/commons-io-1.4.jar:/home/mart/.m2/repository/org/codehaus/plexus/plexus-container-default/1.0-alpha-9/plexus-container-default-1.0-alpha-9.jar:/home/mart/.m2/repository/classworlds/classworlds/1.1-alpha-2/classworlds-1.1-alpha-2.jar:/home/mart/.m2/repository/org/codehaus/plexus/plexus-component-annotations/2.0.0/plexus-component-annotations-2.0.0.jar:/home/mart/.m2/repository/org/codehaus/plexus/plexus-resources/1.1.0/plexus-resources-1.1.0.jar:/home/mart/.m2/repository/org/codehaus/plexus/plexus-utils/3.3.0/plexus-utils-3.3.0.jar:/home/mart/.m2/repository/org/codehaus/plexus/plexus-interpolation/1.26/plexus-interpolation-1.26.jar:/home/mart/.m2/repository/org/codehaus/plexus/plexus-velocity/1.2/plexus-velocity-1.2.jar:/home/mart/.m2/repository/com/puppycrawl/tools/checkstyle/8.29/checkstyle-8.29.jar:/home/mart/.m2/repository/info/picocli/picocli/4.1.4/picocli-4.1.4.jar:/home/mart/.m2/repository/antlr/antlr/2.7.7/antlr-2.7.7.jar:/home/mart/.m2/repository/org/antlr/antlr4-runtime/4.8-1/antlr4-runtime-4.8-1.jar:/home/mart/.m2/repository/commons-beanutils/commons-beanutils/1.9.4/commons-beanutils-1.9.4.jar:/home/mart/.m2/repository/net/sf/saxon/Saxon-HE/9.9.1-6/Saxon-HE-9.9.1-6.jar:/home/mart/.m2/repository/org/apache/velocity/velocity/1.7/velocity-1.7.jar:/home/mart/.m2/repository/javax/xml/bind/jaxb-api/2.3.1/jaxb-api-2.3.1.jar:/home/mart/.m2/repository/javax/activation/javax.activation-api/1.2.0/javax.activation-api-1.2.0.jar:/home/mart/.m2/repository/org/junit/jupiter/junit-jupiter-params/5.7.0/junit-jupiter-params-5.7.0.jar:/home/mart/.m2/repository/org/apiguardian/apiguardian-api/1.1.0/apiguardian-api-1.1.0.jar:/home/mart/.m2/repository/org/junit/jupiter/junit-jupiter-api/5.7.0/junit-jupiter-api-5.7.0.jar:/home/mart/.m2/repository/org/opentest4j/opentest4j/1.2.0/opentest4j-1.2.0.jar:/home/mart/.m2/repository/org/junit/platform/junit-platform-commons/1.7.0/junit-platform-commons-1.7.0.jar:/home/mart/.m2/repository/org/junit/vintage/junit-vintage-engine/5.7.0/junit-vintage-engine-5.7.0.jar:/home/mart/.m2/repository/org/junit/platform/junit-platform-engine/1.7.0/junit-platform-engine-1.7.0.jar:/home/mart/.m2/repository/junit/junit/4.13/junit-4.13.jar:/home/mart/.m2/repository/org/hamcrest/hamcrest-core/1.3/hamcrest-core-1.3.jar:"/>
    <property name="java.vm.vendor" value="Oracle Corporation"/>
    <property name="sun.arch.data.model" value="64"/>
    <property name="java.vendor.url" value="https://java.oracle.com/"/>
    <property name="os.name" value="Linux"/>
    <property name="java.vm.specification.version" value="17"/>
    <property name="sun.java.launcher" value="SUN_STANDARD"/>
    <property name="user.country" value="US"/>
    <property name="sun.boot.library.path" value="/opt/jdk-17/lib"/>
    <property name="sun.java.command" value="/home/mart/Documents/mc/dev/workspace/PaidWork/AggressiveAnimals/main/target/surefire/surefirebooter10638380674282120765.jar /home/mart/Documents/mc/dev/workspace/PaidWork/AggressiveAnimals/main/target/surefire 2022-03-05T23-29-15_274-jvmRun1 surefire8995733029644959014tmp surefire_07391463001027467601tmp"/>
    <property name="jdk.debug" value="release"/>
    <property name="surefire.test.class.path" value="/home/mart/Documents/mc/dev/workspace/PaidWork/AggressiveAnimals/main/target/test-classes:/home/mart/Documents/mc/dev/workspace/PaidWork/AggressiveAnimals/main/target/classes:/home/mart/Documents/mc/dev/workspace/PaidWork/AggressiveAnimals/core/target/core-0.1.7-SNAPSHOT.jar:/home/mart/.m2/repository/com/github/SlimeDog/SlimeDogCore/0.1.3-SNAPSHOT/SlimeDogCore-0.1.3-SNAPSHOT.jar:/home/mart/.m2/repository/org/apache/commons/commons-lang3/3.12.0/commons-lang3-3.12.0.jar:/home/mart/Documents/mc/dev/workspace/PaidWork/AggressiveAnimals/v1_18_R1/target/v1_18_R1-0.1.7-SNAPSHOT.jar:/home/mart/Documents/mc/dev/workspace/PaidWork/AggressiveAnimals/v1_18_R2/target/v1_18_R2-0.1.7-SNAPSHOT.jar:/home/mart/.m2/repository/org/spigotmc/spigot-api/1.18.2-R0.1-SNAPSHOT/spigot-api-1.18.2-R0.1-SNAPSHOT.jar:/home/mart/.m2/repository/commons-lang/commons-lang/2.6/commons-lang-2.6.jar:/home/mart/.m2/repository/com/google/guava/guava/31.0.1-jre/guava-31.0.1-jre.jar:/home/mart/.m2/repository/com/google/guava/failureaccess/1.0.1/failureaccess-1.0.1.jar:/home/mart/.m2/repository/com/google/guava/listenablefuture/9999.0-empty-to-avoid-conflict-with-guava/listenablefuture-9999.0-empty-to-avoid-conflict-with-guava.jar:/home/mart/.m2/repository/com/google/code/findbugs/jsr305/3.0.2/jsr305-3.0.2.jar:/home/mart/.m2/repository/org/checkerframework/checker-qual/3.12.0/checker-qual-3.12.0.jar:/home/mart/.m2/repository/com/google/errorprone/error_prone_annotations/2.7.1/error_prone_annotations-2.7.1.jar:/home/mart/.m2/repository/com/google/j2objc/j2objc-annotations/1.3/j2objc-annotations-1.3.jar:/home/mart/.m2/repository/com/google/code/gson/gson/2.8.9/gson-2.8.9.jar:/home/mart/.m2/repository/net/md-5/bungeecord-chat/1.16-R0.4/bungeecord-chat-1.16-R0.4.jar:/home/mart/.m2/repository/org/yaml/snakeyaml/1.30/snakeyaml-1.30.jar:/home/mart/.m2/repository/org/bstats/bstats-bukkit/3.0.0/bstats-bukkit-3.0.0.jar:/home/mart/.m2/repository/org/bstats/bstats-base/3.0.0/bstats-base-3.0.0.jar:/home/mart/.m2/repository/org/apache/maven/plugins/maven-checkstyle-plugin/3.1.2/maven-checkstyle-plugin-3.1.2.jar:/home/mart/.m2/repository/org/apache/maven/maven-artifact/3.0/maven-artifact-3.0.jar:/home/mart/.m2/repository/org/apache/maven/maven-core/3.0/maven-core-3.0.jar:/home/mart/.m2/repository/org/apache/maven/maven-settings/3.0/maven-settings-3.0.jar:/home/mart/.m2/repository/org/apache/maven/maven-settings-builder/3.0/maven-settings-builder-3.0.jar:/home/mart/.m2/repository/org/apache/maven/maven-repository-metadata/3.0/maven-repository-metadata-3.0.jar:/home/mart/.m2/repository/org/apache/maven/maven-model-builder/3.0/maven-model-builder-3.0.jar:/home/mart/.m2/repository/org/apache/maven/maven-aether-provider/3.0/maven-aether-provider-3.0.jar:/home/mart/.m2/repository/org/sonatype/aether/aether-impl/1.7/aether-impl-1.7.jar:/home/mart/.m2/repository/org/sonatype/aether/aether-spi/1.7/aether-spi-1.7.jar:/home/mart/.m2/repository/org/sonatype/aether/aether-api/1.7/aether-api-1.7.jar:/home/mart/.m2/repository/org/sonatype/aether/aether-util/1.7/aether-util-1.7.jar:/home/mart/.m2/repository/org/sonatype/sisu/sisu-inject-plexus/1.4.2/sisu-inject-plexus-1.4.2.jar:/home/mart/.m2/repository/org/sonatype/sisu/sisu-inject-bean/1.4.2/sisu-inject-bean-1.4.2.jar:/home/mart/.m2/repository/org/sonatype/sisu/sisu-guice/2.1.7/sisu-guice-2.1.7-noaop.jar:/home/mart/.m2/repository/org/codehaus/plexus/plexus-classworlds/2.2.3/plexus-classworlds-2.2.3.jar:/home/mart/.m2/repository/org/sonatype/plexus/plexus-sec-dispatcher/1.3/plexus-sec-dispatcher-1.3.jar:/home/mart/.m2/repository/org/sonatype/plexus/plexus-cipher/1.4/plexus-cipher-1.4.jar:/home/mart/.m2/repository/org/apache/maven/maven-model/3.0/maven-model-3.0.jar:/home/mart/.m2/repository/org/apache/maven/maven-plugin-api/3.0/maven-plugin-api-3.0.jar:/home/mart/.m2/repository/org/apache/maven/reporting/maven-reporting-api/3.0/maven-reporting-api-3.0.jar:/home/mart/.m2/repository/org/apache/maven/reporting/maven-reporting-impl/2.3/maven-reporting-impl-2.3.jar:/home/mart/.m2/repository/org/apache/maven/shared/maven-shared-utils/0.6/maven-shared-utils-0.6.jar:/home/mart/.m2/repository/org/apache/maven/doxia/doxia-core/1.2/doxia-core-1.2.jar:/home/mart/.m2/repository/xerces/xercesImpl/2.9.1/xercesImpl-2.9.1.jar:/home/mart/.m2/repository/xml-apis/xml-apis/1.3.04/xml-apis-1.3.04.jar:/home/mart/.m2/repository/org/apache/httpcomponents/httpclient/4.0.2/httpclient-4.0.2.jar:/home/mart/.m2/repository/org/apache/httpcomponents/httpcore/4.0.1/httpcore-4.0.1.jar:/home/mart/.m2/repository/commons-codec/commons-codec/1.3/commons-codec-1.3.jar:/home/mart/.m2/repository/commons-validator/commons-validator/1.3.1/commons-validator-1.3.1.jar:/home/mart/.m2/repository/commons-digester/commons-digester/1.6/commons-digester-1.6.jar:/home/mart/.m2/repository/commons-logging/commons-logging/1.0.4/commons-logging-1.0.4.jar:/home/mart/.m2/repository/org/apache/maven/doxia/doxia-sink-api/1.4/doxia-sink-api-1.4.jar:/home/mart/.m2/repository/org/apache/maven/doxia/doxia-logging-api/1.4/doxia-logging-api-1.4.jar:/home/mart/.m2/repository/org/apache/maven/doxia/doxia-decoration-model/1.4/doxia-decoration-model-1.4.jar:/home/mart/.m2/repository/org/apache/maven/doxia/doxia-site-renderer/1.4/doxia-site-renderer-1.4.jar:/home/mart/.m2/repository/org/apache/maven/doxia/doxia-module-xhtml/1.4/doxia-module-xhtml-1.4.jar:/home/mart/.m2/repository/org/apache/maven/doxia/doxia-module-fml/1.4/doxia-module-fml-1.4.jar:/home/mart/.m2/repository/org/codehaus/plexus/plexus-i18n/1.0-beta-7/plexus-i18n-1.0-beta-7.jar:/home/mart/.m2/repository/org/apache/velocity/velocity-tools/2.0/velocity-tools-2.0.jar:/home/mart/.m2/repository/commons-chain/commons-chain/1.1/commons-chain-1.1.jar:/home/mart/.m2/repository/dom4j/dom4j/1.1/dom4j-1.1.jar:/home/mart/.m2/repository/oro/oro/2.0.8/oro-2.0.8.jar:/home/mart/.m2/repository/sslext/sslext/1.2-0/sslext-1.2-0.jar:/home/mart/.m2/repository/org/apache/struts/struts-core/1.3.8/struts-core-1.3.8.jar:/home/mart/.m2/repository/org/apache/struts/struts-taglib/1.3.8/struts-taglib-1.3.8.jar:/home/mart/.m2/repository/org/apache/struts/struts-tiles/1.3.8/struts-tiles-1.3.8.jar:/home/mart/.m2/repository/commons-collections/commons-collections/3.2.1/commons-collections-3.2.1.jar:/home/mart/.m2/repository/org/apache/maven/doxia/doxia-integration-tools/1.6/doxia-integration-tools-1.6.jar:/home/mart/.m2/repository/commons-io/commons-io/1.4/commons-io-1.4.jar:/home/mart/.m2/repository/org/codehaus/plexus/plexus-container-default/1.0-alpha-9/plexus-container-default-1.0-alpha-9.jar:/home/mart/.m2/repository/classworlds/classworlds/1.1-alpha-2/classworlds-1.1-alpha-2.jar:/home/mart/.m2/repository/org/codehaus/plexus/plexus-component-annotations/2.0.0/plexus-component-annotations-2.0.0.jar:/home/mart/.m2/repository/org/codehaus/plexus/plexus-resources/1.1.0/plexus-resources-1.1.0.jar:/home/mart/.m2/repository/org/codehaus/plexus/plexus-utils/3.3.0/plexus-utils-3.3.0.jar:/home/mart/.m2/repository/org/codehaus/plexus/plexus-interpolation/1.26/plexus-interpolation-1.26.jar:/home/mart/.m2/repository/org/codehaus/plexus/plexus-velocity/1.2/plexus-velocity-1.2.jar:/home/mart/.m2/repository/com/puppycrawl/tools/checkstyle/8.29/checkstyle-8.29.jar:/home/mart/.m2/repository/info/picocli/picocli/4.1.4/picocli-4.1.4.jar:/home/mart/.m2/repository/antlr/antlr/2.7.7/antlr-2.7.7.jar:/home/mart/.m2/repository/org/antlr/antlr4-runtime/4.8-1/antlr4-runtime-4.8-1.jar:/home/mart/.m2/repository/commons-beanutils/commons-beanutils/1.9.4/commons-beanutils-1.9.4.jar:/home/mart/.m2/repository/net/sf/saxon/Saxon-HE/9.9.1-6/Saxon-HE-9.9.1-6.jar:/home/mart/.m2/repository/org/apache/velocity/velocity/1.7/velocity-1.7.jar:/home/mart/.m2/repository/javax/xml/bind/jaxb-api/2.3.1/jaxb-api-2.3.1.jar:/home/mart/.m2/repository/javax/activation/javax.activation-api/1.2.0/javax.activation-api-1.2.0.jar:/home/mart/.m2/repository/org/junit/jupiter/junit-jupiter-params/5.7.0/junit-jupiter-params-5.7.0.jar:/home/mart/.m2/repository/org/apiguardian/apiguardian-api/1.1.0/apiguardian-api-1.1.0.jar:/home/mart/.m2/repository/org/junit/jupiter/junit-jupiter-api/5.7.0/junit-jupiter-api-5.7.0.jar:/home/mart/.m2/repository/org/opentest4j/opentest4j/1.2.0/opentest4j-1.2.0.jar:/home/mart/.m2/repository/org/junit/platform/junit-platform-commons/1.7.0/junit-platform-commons-1.7.0.jar:/home/mart/.m2/repository/org/junit/vintage/junit-vintage-engine/5.7.0/junit-vintage-engine-5.7.0.jar:/home/mart/.m2/repository/org/junit/platform/junit-platform-engine/1.7.0/junit-platform-engine-1.7.0.jar:/home/mart/.m2/repository/junit/junit/4.13/junit-4.13.jar:/home/mart/.m2/repository/org/hamcrest/hamcrest-core/1.3/hamcrest-core-1.3.jar:"/>
    <property name="sun.cpu.endian" value="little"/>
    <property name="user.home" value="/home/mart"/>
    <property name="user.language" value="en"/>
    <property name="java.specification.vendor" value="Oracle Corporation"/>
    <property name="java.version.date" value="2021-09-14"/>
    <property name="java.home" value="/opt/jdk-17"/>
    <property name="file.separator" value="/"/>
    <property name="basedir" value="/home/mart/Documents/mc/dev/workspace/PaidWork/AggressiveAnimals/main"/>
    <property name="java.vm.compressedOopsMode" value="Zero based"/>
    <property name="line.separator" value="&#10;"/>
    <property name="java.vm.specification.vendor" value="Oracle Corporation"/>
    <property name="java.specification.name" value="Java Platform API Specification"/>
    <property name="surefire.real.class.path" value="/home/mart/Documents/mc/dev/workspace/PaidWork/AggressiveAnimals/main/target/surefire/surefirebooter10638380674282120765.jar"/>
    <property name="sun.management.compiler" value="HotSpot 64-Bit Tiered Compilers"/>
    <property name="java.runtime.version" value="17+35-2724"/>
    <property name="user.name" value="mart"/>
    <property name="path.separator" value=":"/>
    <property name="os.version" value="5.13.0-30-generic"/>
    <property name="java.runtime.name" value="OpenJDK Runtime Environment"/>
    <property name="file.encoding" value="UTF-8"/>
    <property name="java.vm.name" value="OpenJDK 64-Bit Server VM"/>
    <property name="localRepository" value="/home/mart/.m2/repository"/>
    <property name="java.vendor.url.bug" value="https://bugreport.java.com/bugreport/"/>
    <property name="java.io.tmpdir" value="/tmp"/>
    <property name="java.version" value="17"/>
    <property name="user.dir" value="/home/mart/Documents/mc/dev/workspace/PaidWork/AggressiveAnimals/main"/>
    <property name="os.arch" value="amd64"/>
    <property name="java.vm.specification.name" value="Java Virtual Machine Specification"/>
    <property name="native.encoding" value="UTF-8"/>
    <property name="java.library.path" value="/usr/java/packages/lib:/usr/lib64:/lib64:/lib:/usr/lib"/>
    <property name="java.vm.info" value="mixed mode, sharing"/>
    <property name="java.vendor" value="Oracle Corporation"/>
    <property name="java.vm.version" value="17+35-2724"/>
    <property name="sun.io.unicode.encoding" value="UnicodeLittle"/>
    <property name="java.class.version" value="61.0"/>
  </properties>
  <testcase name="test_builderBuildsFromEmpty" classname="dev.ratas.aggressiveanimals.aggressive.settings.type.BuilderTest" time="0.006"/>
  <testcase name="test_builderBuildsFoxWithIncludeTameable" classname="dev.ratas.aggressiveanimals.aggressive.settings.type.BuilderTest" time="0.011"/>
  <testcase name="test_builderFailsNonTameableWithIncludeTameable" classname="dev.ratas.aggressiveanimals.aggressive.settings.type.BuilderTest" time="0.008"/>
  <testcase name="test_builderBuildsTameableWithIncludeTameable" classname="dev.ratas.aggressiveanimals.aggressive.settings.type.BuilderTest" time="0.006"/>
</testsuite>